<?xml version="1.0" encoding="UTF-8"?>
<testng-results skipped="0" failed="0" ignored="0" total="1" passed="1">
  <reporter-output>
  </reporter-output>
  <suite name="Default suite" duration-ms="90" started-at="2023-07-14T12:05:04 IST" finished-at="2023-07-14T12:05:04 IST">
    <groups>
    </groups>
    <test name="Default test" duration-ms="90" started-at="2023-07-14T12:05:04 IST" finished-at="2023-07-14T12:05:04 IST">
      <class name="demo.DemoTest1">
        <test-method status="PASS" signature="m1()[pri:0, instance:demo.DemoTest1@74650e52]" name="m1" duration-ms="13" started-at="2023-07-14T12:05:04 IST" finished-at="2023-07-14T12:05:04 IST">
          <reporter-output>
          </reporter-output>
        </test-method> <!-- m1 -->
      </class> <!-- demo.DemoTest1 -->
    </test> <!-- Default test -->
  </suite> <!-- Default suite -->
</testng-results>
